<?xml version="1.0" encoding="UTF-8" ?>
<testsuites disabled="0" errors="0" failures="0" tests="2" time="0.004">
 <testsuite name="chaining" timestamp="2021-05-11T11:26:19" hostname="localhost" time="0.004" errors="0" tests="2" skipped="0" disabled="0" failures="0">
  <testcase classname="chaining" name="should support chaining calls to selected deeper nested styles" time="0.001" />
  <testcase classname="chaining" name="should select the style definitions for all modifiers substyle calls" time="0.002" />
 </testsuite>
</testsuites>