<?xml version="1.0" encoding="UTF-8" ?>
<testsuites disabled="0" errors="0" failures="0" tests="4" time="0.033">
 <testsuite name="omit" timestamp="2021-05-11T11:26:19" hostname="localhost" time="0.033" errors="0" tests="4" skipped="0" disabled="0" failures="0">
  <testcase classname="omit" name="should omit values from input with given keys" time="0" />
  <testcase classname="omit" name="should omit values from input with given keys" time="0.031" />
  <testcase classname="omit" name="should omit values from input with given keys" time="0" />
  <testcase classname="omit" name="should omit values from input with given keys" time="0.001" />
 </testsuite>
</testsuites>