<?xml version="1.0" encoding="UTF-8" ?>
<testsuites disabled="0" errors="0" failures="0" tests="5" time="0.003">
 <testsuite name="merge" timestamp="2021-05-11T11:26:19" hostname="localhost" time="0.003" errors="0" tests="5" skipped="0" disabled="0" failures="0">
  <testcase classname="merge" name="should merge values from input1 + input2" time="0" />
  <testcase classname="merge" name="should merge values from input1 + input2" time="0" />
  <testcase classname="merge" name="should merge values from input1 + input2" time="0.001" />
  <testcase classname="merge" name="should merge values from input1 + input2" time="0" />
  <testcase classname="merge" name="should merge values from input1 + input2" time="0" />
 </testsuite>
</testsuites>