<?xml version="1.0" encoding="UTF-8" ?>
<testsuites disabled="0" errors="0" failures="0" tests="2" time="0.249">
 <testsuite name="&lt;EnhancerProvider /&gt;" timestamp="2019-11-13T17:22:58" hostname="localhost" time="0.249" errors="0" tests="2" skipped="0" disabled="0" failures="0">
  <testcase classname="&lt;EnhancerProvider /&gt;" name="should set up a context providing the passed enhancer function" time="0.243" />
  <testcase classname="&lt;EnhancerProvider /&gt;" name="should set up a context providing the passed propsDecorator function" time="0.006" />
 </testsuite>
</testsuites>