<?xml version="1.0" encoding="UTF-8" ?>
<testsuites disabled="0" errors="0" failures="0" tests="20" time="0.041">
 <testsuite name="substyle" timestamp="2021-05-11T11:26:18" hostname="localhost" time="0.041" errors="0" tests="20" skipped="0" disabled="0" failures="0">
  <testcase classname="substyle" name="should should select the nested inline styles for the given key" time="0.008" />
  <testcase classname="substyle" name="should not return a style when no style has been set in the props" time="0.001" />
  <testcase classname="substyle" name="should hoist style definitions for the active modifiers" time="0.001" />
  <testcase classname="substyle" name="should not hoist modifier styles inside of element sub styles" time="0" />
  <testcase classname="substyle" name="should support passing multiple keys in an array" time="0.001" />
  <testcase classname="substyle" name="should support passing multiple keys as an object" time="0.001" />
  <testcase classname="substyle" name="should return the top-level inline style definitions if selectedKeys is not specified" time="0" />
  <testcase classname="substyle" name="should include nested inline style definitions for pseudo-class selectors" time="0.001" />
  <testcase classname="substyle" name="should include nested inline style definitions for media queries" time="0" />
  <testcase classname="substyle" name="should include keyframe objects assigned to `animationName` property" time="0.001" />
  <testcase classname="substyle" name="should merge nested inline styles in the order of appearance in the object" time="0.008" />
  <testcase classname="substyle" name="should merge element styles nested under modifiers if selectedKeys contain both, element keys and modifier keys" time="0.001" />
  <testcase classname="substyle" name="should merge modifier styles for nested elements after the base styles for those elements" time="0.001" />
  <testcase classname="substyle" name="should also pick the inline style sub object under the camelized version of the key" time="0" />
  <testcase classname="substyle" name="should correctly merge nested style definitions when selecting multiple modifiers" time="0.001" />
  <testcase classname="substyle" name="should hoist from multiple levels deep of nested modifier keys in inline styles" time="0.002" />
  <testcase classname="substyle" name="should merge more deeply nested style definitions with higher precedence" time="0" />
  <testcase classname="substyle" name="should make sure that more specific, i.e., deeper nested modifier styles, override styles higher up the object" time="0.001" />
  <testcase classname="substyle" name="should take default styles as second arg to merge the style prop with" time="0.001" />
  <testcase classname="substyle" name="should take a props decorator function as second arg of the constructor call and apply it on spread props" time="0.002" />
 </testsuite>
</testsuites>