<?xml version="1.0" encoding="UTF-8" ?>
<testsuites disabled="0" errors="0" failures="0" tests="1" time="0.034">
 <testsuite name="default export" timestamp="2021-05-11T11:26:20" hostname="localhost" time="0.034" errors="0" tests="1" skipped="0" disabled="0" failures="0">
  <testcase classname="default export" name="should be usable as a hook" time="0.034" />
 </testsuite>
</testsuites>